{"level":"info","message":"Server running on port 1108"}
{"level":"info","message":"Server running on port 88"}
{"level":"info","message":"request: GET / recieved"}
{"level":"info","message":"request: GET /%D7%95%D7%95%D7%99%D7%9C%20%D7%94%D7%90%D7%A0%D7%98%D7%99%D7%A0%D7%92 recieved"}
{"level":"error","message":"authorizationError: password is incorrect"}
{"level":"info","message":"request: GET /favicon.ico recieved"}
{"level":"error","message":"authorizationError: password is incorrect"}
{"level":"info","message":"Server running on port 88"}
{"level":"info","message":"Server running on port 88"}
{"level":"info","message":"request: GET /%D7%95%D7%95%D7%99%D7%9C%20%D7%94%D7%90%D7%A0%D7%98%D7%99%D7%A0%D7%92 recieved"}
{"level":"error","message":"סיסמא שגויה: בלון מאוכזב ממך. תתאמץ יותר!"}
{"level":"info","message":"request: GET /favicon.ico recieved"}
{"level":"error","message":"סיסמא שגויה: בלון מאוכזב ממך. תתאמץ יותר!"}
{"level":"info","message":"request: GET /%D7%95%D7%95%D7%99%D7%9C%20%D7%94%D7%90%D7%A0%D7%98%D7%99%D7%A0%D7%92%20%D7%96%D7%94%20%D7%94%D7%93%D7%91%D7%A8%20%D7%94%D7%9B%D7%99%20%D7%97%D7%A9%D7%95%D7%91%20%D7%91%D7%A7%D7%95%D7%A8%D7%A1%20%D7%AA%D7%9B%D7%A0%D7%95%D7%AA%20%D7%90%D7%97%D7%A8%D7%99%20%D7%94%D7%99%D7%95%D7%9D%20%D7%A1%D7%A4%D7%95%D7%A8%D7%98 recieved"}
{"level":"info","message":"request: GET /favicon.ico recieved"}
{"level":"error","message":"סיסמא שגויה: בלון מאוכזב ממך. תתאמץ יותר!"}
{"level":"info","message":"Server running on port 88"}
{"level":"info","message":"Server running on port 88"}
{"level":"info","message":"Server running on port 88"}
{"level":"info","message":"Server running on port 88"}
{"level":"info","message":"Server running on port 88"}
{"level":"info","message":"Server running on port 88"}
{"level":"info","message":"Server running on port 88"}
{"level":"info","message":"Server running on port 88"}
{"level":"info","message":"Server running on port 88"}
{"level":"info","message":"Server running on port 88"}
{"level":"info","message":"Server running on port 88"}
{"level":"info","message":"Server running on port 88"}
{"level":"info","message":"Server running on port 88"}
{"level":"info","message":"Server running on port 88"}
{"level":"info","message":"Server running on port 88"}
{"level":"info","message":"Server running on port 88"}
{"level":"info","message":"Server running on port 88"}
{"level":"info","message":"Server running on port 88"}
{"level":"info","message":"Server running on port 88"}
{"level":"info","message":"Server running on port 88"}
{"level":"info","message":"Server running on port 88"}
{"level":"info","message":"Server running on port 88"}
{"level":"info","message":"Server running on port 88"}
{"level":"info","message":"Server running on port 88"}
{"level":"info","message":"Server running on port 88"}
{"level":"info","message":"Server running on port 88"}
{"level":"info","message":"Server running on port 88"}
{"level":"info","message":"Server running on port 88"}
{"level":"info","message":"Server running on port 88"}
{"level":"info","message":"Server running on port 88"}
{"level":"info","message":"Server running on port 88"}
{"level":"info","message":"Server running on port 88"}
{"level":"info","message":"Server running on port 88"}
{"level":"info","message":"Server running on port 88"}
{"level":"info","message":"Server running on port 88"}
{"level":"info","message":"Server running on port 88"}
{"level":"info","message":"Server running on port 88"}
{"level":"info","message":"Server running on port 88"}
{"level":"info","message":"Server running on port 88"}
{"level":"info","message":"Server running on port 88"}
{"level":"info","message":"Server running on port 88"}
{"level":"info","message":"Server running on port 88"}
{"level":"info","message":"Server running on port 88"}
{"level":"info","message":"Server running on port 88"}
{"level":"info","message":"Server running on port 88"}
{"level":"info","message":"Server running on port 88"}
{"level":"info","message":"Server running on port 88"}
{"level":"info","message":"Server running on port 88"}
{"level":"info","message":"Server running on port 88"}
{"level":"info","message":"Server running on port 88"}
{"level":"info","message":"Server running on port 88"}
{"level":"info","message":"Server running on port 88"}
{"level":"info","message":"Server running on port 88"}
{"level":"info","message":"Server running on port 88"}
{"level":"info","message":"Server running on port 88"}
{"level":"info","message":"Server running on port 88"}
{"level":"info","message":"Server running on port 88"}
{"level":"info","message":"Server running on port 88"}
{"level":"info","message":"request: GET /%D7%95%D7%95%D7%99%D7%9C%20%D7%94%D7%90%D7%A0%D7%98%D7%99%D7%A0%D7%92%20%D7%96%D7%94%20%D7%94%D7%93%D7%91%D7%A8%20%D7%94%D7%9B%D7%99%20%D7%97%D7%A9%D7%95%D7%91%20%D7%91%D7%A7%D7%95%D7%A8%D7%A1%20%D7%AA%D7%9B%D7%A0%D7%95%D7%AA%20%D7%90%D7%97%D7%A8%D7%99%20%D7%94%D7%99%D7%95%D7%9D%20%D7%A1%D7%A4%D7%95%D7%A8%D7%98 recieved"}
{"level":"info","message":"request: GET /favicon.ico recieved"}
{"level":"error","message":"סיסמא שגויה: בלון מאוכזב ממך. תתאמץ יותר!"}
{"level":"info","message":"Server running on port 88"}
{"level":"info","message":"Server running on port 88"}
{"level":"info","message":"request: GET /%D7%95%D7%95%D7%99%D7%9C%20%D7%94%D7%90%D7%A0%D7%98%D7%99%D7%A0%D7%92%20%D7%96%D7%94%20%D7%94%D7%93%D7%91%D7%A8%20%D7%94%D7%9B%D7%99%20%D7%97%D7%A9%D7%95%D7%91%20%D7%91%D7%A7%D7%95%D7%A8%D7%A1%20%D7%AA%D7%9B%D7%A0%D7%95%D7%AA%20%D7%90%D7%97%D7%A8%D7%99%20%D7%94%D7%99%D7%95%D7%9D%20%D7%A1%D7%A4%D7%95%D7%A8%D7%98 recieved"}
{"level":"info","message":"request: GET /favicon.ico recieved"}
{"level":"error","message":"סיסמא שגויה: בלון מאוכזב ממך. תתאמץ יותר!"}
{"level":"info","message":"Server running on port 88"}
{"level":"info","message":"Server running on port 88"}
{"level":"info","message":"Server running on port 88"}
{"level":"info","message":"Server running on port 88"}
{"level":"info","message":"Server running on port 88"}
{"level":"info","message":"Server running on port 88"}
{"level":"info","message":"Server running on port 88"}
{"level":"info","message":"Server running on port 88"}
{"level":"info","message":"request: GET /%D7%95%D7%95%D7%99%D7%9C%20%D7%94%D7%90%D7%A0%D7%98%D7%99%D7%A0%D7%92%20%D7%96%D7%94%20%D7%94%D7%93%D7%91%D7%A8%20%D7%94%D7%9B%D7%99%20%D7%97%D7%A9%D7%95%D7%91%20%D7%91%D7%A7%D7%95%D7%A8%D7%A1%20%D7%AA%D7%9B%D7%A0%D7%95%D7%AA%20%D7%90%D7%97%D7%A8%D7%99%20%D7%94%D7%99%D7%95%D7%9D%20%D7%A1%D7%A4%D7%95%D7%A8%D7%98 recieved"}
{"level":"info","message":"request: GET /favicon.ico recieved"}
{"level":"error","message":"סיסמא שגויה: בלון מאוכזב ממך. תתאמץ יותר!"}
{"level":"info","message":"Server running on port 88"}
{"level":"info","message":"Server running on port 88"}
{"level":"info","message":"Server running on port 88"}
{"level":"info","message":"Server running on port 88"}
{"level":"info","message":"Server running on port 88"}
{"level":"info","message":"Server running on port 88"}
{"level":"info","message":"Server running on port 88"}
{"level":"info","message":"request: GET /%D7%95%D7%95%D7%99%D7%9C%20%D7%94%D7%90%D7%A0%D7%98%D7%99%D7%A0%D7%92%20%D7%96%D7%94%20%D7%94%D7%93%D7%91%D7%A8%20%D7%94%D7%9B%D7%99%20%D7%97%D7%A9%D7%95%D7%91%20%D7%91%D7%A7%D7%95%D7%A8%D7%A1%20%D7%AA%D7%9B%D7%A0%D7%95%D7%AA%20%D7%90%D7%97%D7%A8%D7%99%20%D7%94%D7%99%D7%95%D7%9D%20%D7%A1%D7%A4%D7%95%D7%A8%D7%98 recieved"}
{"level":"info","message":"request: GET /favicon.ico recieved"}
{"level":"error","message":"סיסמא שגויה: בלון מאוכזב ממך. תתאמץ יותר!"}
{"level":"info","message":"request: GET /%D7%95%D7%95%D7%99%D7%9C%20%D7%94%D7%90%D7%A0%D7%98%D7%99%D7%A0%D7%92%20%D7%96%D7%94%20%D7%94%D7%93%D7%91%D7%A8%20%D7%94%D7%9B%D7%99%20%D7%97%D7%A9%D7%95%D7%91%20%D7%91%D7%A7%D7%95%D7%A8%D7%A1%20%D7%AA%D7%9B%D7%A0%D7%95%D7%AA%20%D7%90%D7%97%D7%A8%D7%99%20%D7%94%D7%99%D7%95%D7%9D%20%D7%A1%D7%A4%D7%95%D7%A8%D7%98 recieved"}
{"level":"info","message":"request: GET /favicon.ico recieved"}
{"level":"error","message":"סיסמא שגויה: בלון מאוכזב ממך. תתאמץ יותר!"}
{"level":"info","message":"request: GET /%D7%95%D7%95%D7%99%D7%9C%20%D7%94%D7%90%D7%A0%D7%98%D7%99%D7%A0%D7%92%20%D7%96%D7%94%20%D7%94%D7%93%D7%91%D7%A8%20%D7%94%D7%9B%D7%99%20%D7%97%D7%A9%D7%95%D7%91%20%D7%91%D7%A7%D7%95%D7%A8%D7%A1%20%D7%AA%D7%9B%D7%A0%D7%95%D7%AA%20%D7%90%D7%97%D7%A8%D7%99%20%D7%94%D7%99%D7%95%D7%9D%20%D7%A1%D7%A4%D7%95%D7%A8%D7%98 recieved"}
{"level":"info","message":"request: GET /favicon.ico recieved"}
{"level":"error","message":"סיסמא שגויה: בלון מאוכזב ממך. תתאמץ יותר!"}
{"level":"info","message":"request: GET /%D7%95%D7%95%D7%99%D7%9C%20%D7%94%D7%90%D7%A0%D7%98%D7%99%D7%A0%D7%92%20%D7%96%D7%94%20%D7%94%D7%93%D7%91%D7%A8%20%D7%94%D7%9B%D7%99%20%D7%97%D7%A9%D7%95%D7%91%20%D7%91%D7%A7%D7%95%D7%A8%D7%A1%20%D7%AA%D7%9B%D7%A0%D7%95%D7%AA%20%D7%90%D7%97%D7%A8%D7%99%20%D7%94%D7%99%D7%95%D7%9D%20%D7%A1%D7%A4%D7%95%D7%A8%D7%98 recieved"}
{"level":"info","message":"request: GET /favicon.ico recieved"}
{"level":"error","message":"סיסמא שגויה: בלון מאוכזב ממך. תתאמץ יותר!"}
{"level":"info","message":"request: GET /%D7%95%D7%95%D7%99%D7%9C%20%D7%94%D7%90%D7%A0%D7%98%D7%99%D7%A0%D7%92%20%D7%96%D7%94%20%D7%94%D7%93%D7%91%D7%A8%20%D7%94%D7%9B%D7%99%20%D7%97%D7%A9%D7%95%D7%91%20%D7%91%D7%A7%D7%95%D7%A8%D7%A1%20%D7%AA%D7%9B%D7%A0%D7%95%D7%AA%20%D7%90%D7%97%D7%A8%D7%99%20%D7%94%D7%99%D7%95%D7%9D%20%D7%A1%D7%A4%D7%95%D7%A8%D7%98 recieved"}
{"level":"info","message":"request: GET /favicon.ico recieved"}
{"level":"error","message":"סיסמא שגויה: בלון מאוכזב ממך. תתאמץ יותר!"}
{"level":"info","message":"request: GET /%D7%95%D7%95%D7%99%D7%9C%20%D7%94%D7%90%D7%A0%D7%98%D7%99%D7%A0%D7%92%20%D7%96%D7%94%20%D7%94%D7%93%D7%91%D7%A8%20%D7%94%D7%9B%D7%99%20%D7%97%D7%A9%D7%95%D7%91%20%D7%91%D7%A7%D7%95%D7%A8%D7%A1%20%D7%AA%D7%9B%D7%A0%D7%95%D7%AA%20%D7%90%D7%97%D7%A8%D7%99%20%D7%94%D7%99%D7%95%D7%9D%20%D7%A1%D7%A4%D7%95%D7%A8 recieved"}
{"level":"error","message":"סיסמא שגויה: בלון מאוכזב ממך. תתאמץ יותר!"}
{"level":"info","message":"request: GET /favicon.ico recieved"}
{"level":"error","message":"סיסמא שגויה: בלון מאוכזב ממך. תתאמץ יותר!"}
{"level":"info","message":"request: GET /%D7%95%D7%95%D7%99%D7%9C%20%D7%94%D7%90%D7%A0%D7%98%D7%99%D7%A0%D7%92%20%D7%96%D7%94%20%D7%94%D7%93%D7%91%D7%A8%20%D7%94%D7%9B%D7%99%20%D7%97%D7%A9%D7%95%D7%91%20%D7%91%D7%A7%D7%95%D7%A8%D7%A1%20%D7%AA%D7%9B%D7%A0%D7%95%D7%AA%20%D7%90%D7%97%D7%A8%D7%99%20%D7%94%D7%99%D7%95%D7%9D%20%D7%A1%D7%A4%D7%95%D7%A8%D7%98 recieved"}
{"level":"info","message":"request: GET /favicon.ico recieved"}
{"level":"error","message":"סיסמא שגויה: בלון מאוכזב ממך. תתאמץ יותר!"}
{"level":"info","message":"Server running on port 88"}
{"level":"info","message":"request: GET /%D7%95%D7%95%D7%99%D7%9C%20%D7%94%D7%90%D7%A0%D7%98%D7%99%D7%A0%D7%92%20%D7%96%D7%94%20%D7%94%D7%93%D7%91%D7%A8%20%D7%94%D7%9B%D7%99%20%D7%97%D7%A9%D7%95%D7%91%20%D7%91%D7%A7%D7%95%D7%A8%D7%A1%20%D7%AA%D7%9B%D7%A0%D7%95%D7%AA%20%D7%90%D7%97%D7%A8%D7%99%20%D7%94%D7%99%D7%95%D7%9D%20%D7%A1%D7%A4%D7%95%D7%A8%D7%98 recieved"}
{"level":"info","message":"request: GET /favicon.ico recieved"}
{"level":"error","message":"סיסמא שגויה: בלון מאוכזב ממך. תתאמץ יותר!"}
